TN:
SF:src\components\Account\ConfirmButton\index.tsx
FN:10,(anonymous_0)
FNF:1
FNH:0
FNDA:0,(anonymous_0)
DA:10,0
DA:11,0
LF:2
LH:0
BRF:0
BRH:0
end_of_record
TN:
SF:src\components\Account\Confirmation\index.tsx
FN:14,(anonymous_0)
FN:20,handleConfirm
FNF:2
FNH:0
FNDA:0,(anonymous_0)
FNDA:0,handleConfirm
DA:14,0
DA:15,0
DA:16,0
DA:18,0
DA:21,0
DA:24,0
LF:6
LH:0
BRF:0
BRH:0
end_of_record
TN:
SF:src\components\Dashboard\Card\index.tsx
FN:9,(anonymous_0)
FN:13,(anonymous_1)
FN:18,(anonymous_2)
FNF:3
FNH:0
FNDA:0,(anonymous_0)
FNDA:0,(anonymous_1)
FNDA:0,(anonymous_2)
DA:9,0
DA:10,0
DA:11,0
DA:13,0
DA:14,0
DA:15,0
DA:18,0
DA:19,0
DA:22,0
LF:9
LH:0
BRF:0
BRH:0
end_of_record
TN:
SF:src\components\Dashboard\Profile\index.tsx
FN:4,(anonymous_0)
FNF:1
FNH:0
FNDA:0,(anonymous_0)
DA:4,0
DA:5,0
DA:7,0
LF:3
LH:0
BRF:0
BRH:0
end_of_record
TN:
SF:src\components\Forms\Button\index.tsx
FN:11,(anonymous_0)
FNF:1
FNH:0
FNDA:0,(anonymous_0)
DA:11,0
DA:12,0
LF:2
LH:0
BRF:0
BRH:0
end_of_record
TN:
SF:src\components\Forms\InputForm\index.tsx
FN:11,(anonymous_0)
FN:17,handleInputFocus
FN:21,handleInputBlur
FNF:3
FNH:0
FNDA:0,(anonymous_0)
FNDA:0,handleInputFocus
FNDA:0,handleInputBlur
DA:11,0
DA:14,0
DA:18,0
DA:22,0
DA:26,0
LF:5
LH:0
BRF:0
BRH:0
end_of_record
TN:
SF:src\components\Modal\index.tsx
FN:16,(anonymous_0)
FNF:1
FNH:0
FNDA:0,(anonymous_0)
DA:16,0
DA:24,0
LF:2
LH:0
BRF:0
BRH:0
end_of_record
TN:
SF:src\context\auth.tsx
FN:42,(anonymous_0)
FN:46,signInWithGoogle
FN:78,signOut
FN:83,(anonymous_3)
FN:84,loadUserStorageData
FN:109,(anonymous_5)
FNF:6
FNH:0
FNDA:0,(anonymous_0)
FNDA:0,signInWithGoogle
FNDA:0,signOut
FNDA:0,(anonymous_3)
FNDA:0,loadUserStorageData
FNDA:0,(anonymous_5)
DA:12,0
DA:13,0
DA:40,0
DA:42,0
DA:43,0
DA:44,0
DA:47,0
DA:48,0
DA:49,0
DA:51,0
DA:53,0
DA:57,0
DA:58,0
DA:62,0
DA:63,0
DA:69,0
DA:71,0
DA:74,0
DA:79,0
DA:80,0
DA:83,0
DA:85,0
DA:86,0
DA:88,0
DA:89,0
DA:92,0
DA:95,0
DA:109,0
DA:110,0
DA:112,0
LF:30
LH:0
BRDA:57,0,0,0
BRDA:57,0,1,0
BRDA:86,1,0,0
BRDA:86,1,1,0
BRF:4
BRH:0
end_of_record
TN:
SF:src\global\theme.tsx
FNF:0
FNH:0
LF:0
LH:0
BRF:0
BRH:0
end_of_record
TN:
SF:src\routes\app.routes.tsx
FN:8,(anonymous_0)
FNF:1
FNH:0
FNDA:0,(anonymous_0)
DA:6,0
DA:8,0
DA:9,0
LF:3
LH:0
BRF:0
BRH:0
end_of_record
TN:
SF:src\routes\auth.routes.tsx
FN:10,AuthRoutes
FNF:1
FNH:0
FNDA:0,AuthRoutes
DA:8,0
DA:11,0
LF:2
LH:0
BRF:0
BRH:0
end_of_record
TN:
SF:src\routes\buttom.navigation.tsx
FN:10,(anonymous_0)
FN:29,(anonymous_1)
FNF:2
FNH:0
FNDA:0,(anonymous_0)
FNDA:0,(anonymous_1)
DA:6,0
DA:10,0
DA:11,0
DA:30,0
LF:4
LH:0
BRF:0
BRH:0
end_of_record
TN:
SF:src\routes\index.tsx
FN:8,(anonymous_0)
FNF:1
FNH:0
FNDA:0,(anonymous_0)
DA:8,0
DA:9,0
DA:11,0
DA:12,0
DA:19,0
LF:5
LH:0
BRDA:11,0,0,0
BRDA:11,0,1,0
BRDA:21,1,0,0
BRDA:21,1,1,0
BRF:4
BRH:0
end_of_record
TN:
SF:src\screens\Account\index.tsx
FN:54,(anonymous_0)
FN:75,(anonymous_1)
FN:76,(anonymous_2)
FN:79,(anonymous_3)
FN:90,(anonymous_4)
FN:91,(anonymous_5)
FN:94,(anonymous_6)
FN:105,(anonymous_7)
FN:106,(anonymous_8)
FN:121,_handleRegister
FN:144,_takePicture
FN:158,_savepickDocument
FN:168,_pickDocument
FN:177,_removetakePicture
FN:179,(anonymous_14)
FN:185,_removepickDocument
FN:188,(anonymous_16)
FN:201,(anonymous_17)
FN:220,(anonymous_18)
FN:282,(anonymous_19)
FN:301,(anonymous_20)
FN:304,(anonymous_21)
FN:324,(anonymous_22)
FN:333,(anonymous_23)
FN:349,(anonymous_24)
FN:353,(anonymous_25)
FN:382,(anonymous_26)
FN:386,(anonymous_27)
FNF:28
FNH:0
FNDA:0,(anonymous_0)
FNDA:0,(anonymous_1)
FNDA:0,(anonymous_2)
FNDA:0,(anonymous_3)
FNDA:0,(anonymous_4)
FNDA:0,(anonymous_5)
FNDA:0,(anonymous_6)
FNDA:0,(anonymous_7)
FNDA:0,(anonymous_8)
FNDA:0,_handleRegister
FNDA:0,_takePicture
FNDA:0,_savepickDocument
FNDA:0,_pickDocument
FNDA:0,_removetakePicture
FNDA:0,(anonymous_14)
FNDA:0,_removepickDocument
FNDA:0,(anonymous_16)
FNDA:0,(anonymous_17)
FNDA:0,(anonymous_18)
FNDA:0,(anonymous_19)
FNDA:0,(anonymous_20)
FNDA:0,(anonymous_21)
FNDA:0,(anonymous_22)
FNDA:0,(anonymous_23)
FNDA:0,(anonymous_24)
FNDA:0,(anonymous_25)
FNDA:0,(anonymous_26)
FNDA:0,(anonymous_27)
DA:42,0
DA:54,0
DA:60,0
DA:61,0
DA:62,0
DA:63,0
DA:64,0
DA:65,0
DA:67,0
DA:69,0
DA:70,0
DA:71,0
DA:72,0
DA:75,0
DA:76,0
DA:77,0
DA:78,0
DA:79,0
DA:80,0
DA:82,0
DA:86,0
DA:90,0
DA:91,0
DA:92,0
DA:93,0
DA:94,0
DA:95,0
DA:97,0
DA:100,0
DA:101,0
DA:105,0
DA:106,0
DA:107,0
DA:108,0
DA:112,0
DA:113,0
DA:116,0
DA:117,0
DA:122,0
DA:123,0
DA:132,0
DA:137,0
DA:139,0
DA:145,0
DA:146,0
DA:147,0
DA:148,0
DA:149,0
DA:150,0
DA:152,0
DA:155,0
DA:159,0
DA:160,0
DA:162,0
DA:164,0
DA:169,0
DA:173,0
DA:178,0
DA:179,0
DA:180,0
DA:181,0
DA:186,0
DA:187,0
DA:188,0
DA:190,0
DA:191,0
DA:194,0
DA:209,0
DA:220,0
DA:282,0
DA:301,0
DA:305,0
DA:324,0
DA:333,0
DA:349,0
DA:354,0
DA:383,0
DA:387,0
LF:78
LH:0
BRDA:112,0,0,0
BRDA:112,0,1,0
BRDA:116,1,0,0
BRDA:116,1,1,0
BRDA:145,2,0,0
BRDA:145,2,1,0
BRDA:234,3,0,0
BRDA:234,3,1,0
BRDA:234,4,0,0
BRDA:234,4,1,0
BRDA:245,5,0,0
BRDA:245,5,1,0
BRDA:245,6,0,0
BRDA:245,6,1,0
BRDA:249,7,0,0
BRDA:249,7,1,0
BRDA:258,8,0,0
BRDA:258,8,1,0
BRDA:258,9,0,0
BRDA:258,9,1,0
BRDA:262,10,0,0
BRDA:262,10,1,0
BRDA:271,11,0,0
BRDA:271,11,1,0
BRDA:271,12,0,0
BRDA:271,12,1,0
BRDA:286,13,0,0
BRDA:286,13,1,0
BRDA:306,14,0,0
BRDA:306,14,1,0
BRDA:328,15,0,0
BRDA:328,15,1,0
BRDA:340,16,0,0
BRDA:340,16,1,0
BRDA:376,17,0,0
BRDA:376,17,1,0
BRF:36
BRH:0
end_of_record
TN:
SF:src\screens\Dashboard\index.tsx
FN:7,(anonymous_0)
FNF:1
FNH:0
FNDA:0,(anonymous_0)
DA:7,0
DA:8,0
LF:2
LH:0
BRF:0
BRH:0
end_of_record
TN:
SF:src\screens\SignIn\index.tsx
FN:22,(anonymous_0)
FN:29,handleSignInWithGoogle
FN:46,(anonymous_2)
FNF:3
FNH:0
FNDA:0,(anonymous_0)
FNDA:0,handleSignInWithGoogle
FNDA:0,(anonymous_2)
DA:22,0
DA:23,0
DA:24,0
DA:27,0
DA:30,0
DA:31,0
DA:32,0
DA:34,0
DA:35,0
DA:36,0
DA:40,0
DA:46,0
LF:12
LH:0
BRF:0
BRH:0
end_of_record
